2015/10/26 15:35:02	csq       	::1             	ERR	Ps.Template.SetData                                         	数据库操作异常！ error information : CacheDateTime overflow. Must be between 12/31/1840 12:00:00 AM and 12/31/9999 11:59:59 PM.
   在 InterSystems.Data.CacheTypes.CacheDateTime..ctor(DateTime p_value)
   在 InterSystems.Data.CacheClient.ObjBind.IO.MsgWriter.PutNext(Nullable`1 val)
   在 InterSystems.Data.CacheTypes.CacheTimestampArgument.PutNext(MsgWriter writer)
   在 InterSystems.Data.CacheClient.CacheConnection.PutMtdSignature(CacheMethodSignature s)
   在 InterSystems.Data.CacheClient.CacheConnection.MsgRunMethod(Int64 oref, String clsName, String mtdName, CacheMethodSignature s)
   在 InterSystems.Data.CacheClient.CacheConnection.RunClassMethod(String clsName, String mtdName, CacheMethodSignature s)
   在 InterSystems.Data.CacheTypes.CacheObject.RunClassMethodS(CacheConnection conn, String clsName, String mtdName, CacheMethodSignature s)
   在 Ps.Template.SetData(CacheConnection conn, String DoctorId, Nullable`1 TemplateCode, String TemplateName, String Description, Nullable`1 RecordDate, String Redundance, String piUserId, String piTerminalName, String piTerminalIP, Nullable`1 piDeviceType)
   在 CDMISrestful.DataMethod.PlanInfoMethod.PsTemplateSetData(DataConnection pclsCache, String DoctorId, Int32 TemplateCode, String TemplateName, String Description, DateTime RecordDate, String Redundance, String piUserId, String piTerminalName, String piTerminalIP, Int32 piDeviceType) 位置 f:\Work\chronic disease management\github\CDMISrestful\CDMISrestful\DataMethod\PlanInfoMethod.cs:行号 26
2015/10/26 15:40:39	csq       	::1             	ERR	Ps.Template.SetData                                         	数据库操作异常！ error information : CacheDateTime overflow. Must be between 12/31/1840 12:00:00 AM and 12/31/9999 11:59:59 PM.
   在 InterSystems.Data.CacheTypes.CacheDateTime..ctor(DateTime p_value)
   在 InterSystems.Data.CacheClient.ObjBind.IO.MsgWriter.PutNext(Nullable`1 val)
   在 InterSystems.Data.CacheTypes.CacheTimestampArgument.PutNext(MsgWriter writer)
   在 InterSystems.Data.CacheClient.CacheConnection.PutMtdSignature(CacheMethodSignature s)
   在 InterSystems.Data.CacheClient.CacheConnection.MsgRunMethod(Int64 oref, String clsName, String mtdName, CacheMethodSignature s)
   在 InterSystems.Data.CacheClient.CacheConnection.RunClassMethod(String clsName, String mtdName, CacheMethodSignature s)
   在 InterSystems.Data.CacheTypes.CacheObject.RunClassMethodS(CacheConnection conn, String clsName, String mtdName, CacheMethodSignature s)
   在 Ps.Template.SetData(CacheConnection conn, String DoctorId, Nullable`1 TemplateCode, String TemplateName, String Description, Nullable`1 RecordDate, String Redundance, String piUserId, String piTerminalName, String piTerminalIP, Nullable`1 piDeviceType)
   在 CDMISrestful.DataMethod.PlanInfoMethod.PsTemplateSetData(DataConnection pclsCache, String DoctorId, Int32 TemplateCode, String TemplateName, String Description, DateTime RecordDate, String Redundance, String piUserId, String piTerminalName, String piTerminalIP, Int32 piDeviceType) 位置 f:\Work\chronic disease management\github\CDMISrestful\CDMISrestful\DataMethod\PlanInfoMethod.cs:行号 26
2015/10/26 20:47:37	csq       	::1             	ERR	                                                            	数据库连接失败！ error information : Cache Security Error
   在 InterSystems.Data.CacheClient.CacheADOConnection.Open()
   在 InterSystems.Data.CacheClient.CacheConnection.Open(Boolean useCache)
   在 InterSystems.Data.CacheClient.CacheConnection.Open()
   在 CDMISrestful.CommonLibrary.DataConnection.Connect() 位置 f:\Work\chronic disease management\github\CDMISrestful\CDMISrestful\CommonLibrary\DataConnection.cs:行号 51
2015/10/26 20:47:37	csq       	::1             	ERR	PlanInfoMethod.GetTemplateDetails                           	数据库操作异常！ error information : Cache Security Error
   在 CDMISrestful.CommonLibrary.DataConnection.Connect() 位置 f:\Work\chronic disease management\github\CDMISrestful\CDMISrestful\CommonLibrary\DataConnection.cs:行号 69
   在 CDMISrestful.DataMethod.PlanInfoMethod.GetTemplateDetails(DataConnection pclsCache, String DoctorId, String TemplateCode, String ParentCode) 位置 f:\Work\chronic disease management\github\CDMISrestful\CDMISrestful\DataMethod\PlanInfoMethod.cs:行号 123
