2015/10/30 11:28:34	csq       	::1             	ERR	VitalInfoMethod.GetAllSignsByPeriod                         	数据库操作异常！ error information : Column does not exist: Name
   在 InterSystems.Data.CacheClient.CacheDataReader.GetOrdinal(String columnName)
   在 InterSystems.Data.CacheClient.CacheDataReader.get_Item(String value)
   在 CDMISrestful.DataMethod.VitalInfoMethod.GetAllSignsByPeriod(DataConnection pclsCache, String UserId, Int32 StartDate, Int32 EndDate) 位置 f:\Work\chronic disease management\github\CDMISrestful\CDMISrestful\DataMethod\VitalInfoMethod.cs:行号 300
2015/10/30 14:59:41	csq       	::1             	ERR	PlanInfoMethod.GetComplianceByPlanNo                        	数据库操作异常！ error information : Connection not open
   在 InterSystems.Data.CacheClient.CacheADOConnection.ExceptionIfNotOpen()
   在 InterSystems.Data.CacheClient.CacheConnection.GetMtdSignature()
   在 Ps.Compliance.GetComplianceByPlanNo(CacheConnection conn, String PlanNo)
   在 CDMISrestful.DataMethod.PlanInfoMethod.GetComplianceByPlanNo(DataConnection pclsCache, String PlanNo) 位置 f:\Work\chronic disease management\github\CDMISrestful\CDMISrestful\DataMethod\PlanInfoMethod.cs:行号 2745
2015/10/30 14:59:58	csq       	::1             	ERR	PlanInfoMethod.GetComplianceByPlanNo                        	数据库操作异常！ error information : Connection not open
   在 InterSystems.Data.CacheClient.CacheADOConnection.ExceptionIfNotOpen()
   在 InterSystems.Data.CacheClient.CacheConnection.GetMtdSignature()
   在 Ps.Compliance.GetComplianceByPlanNo(CacheConnection conn, String PlanNo)
   在 CDMISrestful.DataMethod.PlanInfoMethod.GetComplianceByPlanNo(DataConnection pclsCache, String PlanNo) 位置 f:\Work\chronic disease management\github\CDMISrestful\CDMISrestful\DataMethod\PlanInfoMethod.cs:行号 2745
2015/10/30 15:05:17	csq       	::1             	ERR	PlanInfoMethod.GetComplianceByPlanNo                        	数据库操作异常！ error information : Connection not open
   在 InterSystems.Data.CacheClient.CacheADOConnection.ExceptionIfNotOpen()
   在 InterSystems.Data.CacheClient.CacheConnection.GetMtdSignature()
   在 Ps.Compliance.GetComplianceByPlanNo(CacheConnection conn, String PlanNo)
   在 CDMISrestful.DataMethod.PlanInfoMethod.GetComplianceByPlanNo(DataConnection pclsCache, String PlanNo) 位置 f:\Work\chronic disease management\github\CDMISrestful\CDMISrestful\DataMethod\PlanInfoMethod.cs:行号 2746
2015/10/30 20:12:03	csq       	::1             	ERR	PlanInfoMethod.GetComplianceByPlanNo                        	数据库操作异常！ error information : Connection not open
   在 InterSystems.Data.CacheClient.CacheADOConnection.ExceptionIfNotOpen()
   在 InterSystems.Data.CacheClient.CacheConnection.GetMtdSignature()
   在 Ps.Compliance.GetComplianceByPlanNo(CacheConnection conn, String PlanNo)
   在 CDMISrestful.DataMethod.PlanInfoMethod.GetComplianceByPlanNo(DataConnection pclsCache, String PlanNo) 位置 f:\Work\chronic disease management\github\CDMISrestful\CDMISrestful\DataMethod\PlanInfoMethod.cs:行号 2746
2015/10/30 20:13:13	csq       	::1             	ERR	PlanInfoMethod.GetComplianceByPlanNo                        	数据库操作异常！ error information : Connection not open
   在 InterSystems.Data.CacheClient.CacheADOConnection.ExceptionIfNotOpen()
   在 InterSystems.Data.CacheClient.CacheConnection.GetMtdSignature()
   在 Ps.Compliance.GetComplianceByPlanNo(CacheConnection conn, String PlanNo)
   在 CDMISrestful.DataMethod.PlanInfoMethod.GetComplianceByPlanNo(DataConnection pclsCache, String PlanNo) 位置 f:\Work\chronic disease management\github\CDMISrestful\CDMISrestful\DataMethod\PlanInfoMethod.cs:行号 2746
2015/10/30 22:16:55	csq       	::1             	ERR	PlanInfoMethod.GetComplianceByPlanNo                        	数据库操作异常！ error information : Connection not open
   在 InterSystems.Data.CacheClient.CacheADOConnection.ExceptionIfNotOpen()
   在 InterSystems.Data.CacheClient.CacheConnection.GetMtdSignature()
   在 Ps.Compliance.GetComplianceByPlanNo(CacheConnection conn, String PlanNo)
   在 CDMISrestful.DataMethod.PlanInfoMethod.GetComplianceByPlanNo(DataConnection pclsCache, String PlanNo) 位置 f:\Work\chronic disease management\github\CDMISrestful\CDMISrestful\DataMethod\PlanInfoMethod.cs:行号 2746
2015/10/30 22:17:15	csq       	::1             	ERR	PlanInfoMethod.GetComplianceByPlanNo                        	数据库操作异常！ error information : Connection not open
   在 InterSystems.Data.CacheClient.CacheADOConnection.ExceptionIfNotOpen()
   在 InterSystems.Data.CacheClient.CacheConnection.GetMtdSignature()
   在 Ps.Compliance.GetComplianceByPlanNo(CacheConnection conn, String PlanNo)
   在 CDMISrestful.DataMethod.PlanInfoMethod.GetComplianceByPlanNo(DataConnection pclsCache, String PlanNo) 位置 f:\Work\chronic disease management\github\CDMISrestful\CDMISrestful\DataMethod\PlanInfoMethod.cs:行号 2746
